<?xml version="1.0" encoding="UTF-8"?>
<!-- Generated by org.testng.reporters.JUnitXMLReporter -->
<testsuite hostname="sivaguru" failures="0" tests="5" name="Surefire test" time="3.463" errors="0" timestamp="9 Aug 2022 06:08:27 GMT">
  <testcase classname="com.org.recipe.controller.RecipeControllerTest" name="testCreateReturn201" time="0.095"/>
  <testcase classname="com.org.recipe.controller.RecipeControllerTest" name="testDeleteReturn200" time="0.009"/>
  <testcase classname="com.org.recipe.controller.RecipeControllerTest" name="testFilter" time="0.019"/>
  <testcase classname="com.org.recipe.controller.RecipeControllerTest" name="testGetallRecipesReturn200" time="0.007"/>
  <testcase classname="com.org.recipe.controller.RecipeControllerTest" name="testUpdateReturn200" time="0.003"/>
</testsuite> <!-- Surefire test -->
