<?xml version="1.0" encoding="UTF-8"?>
<!-- Generated by org.testng.reporters.JUnitXMLReporter -->
<testsuite hostname="sivaguru" failures="0" tests="5" name="Default test" time="4.06" errors="0" timestamp="9 Aug 2022 16:02:48 GMT">
  <testcase classname="com.org.recipe.controller.RecipeControllerTest" name="testCreateReturn201" time="0.168"/>
  <testcase classname="com.org.recipe.controller.RecipeControllerTest" name="testDeleteReturn200" time="0.016"/>
  <testcase classname="com.org.recipe.controller.RecipeControllerTest" name="testFilter" time="0.031"/>
  <testcase classname="com.org.recipe.controller.RecipeControllerTest" name="testGetallRecipesReturn200" time="0.012"/>
  <testcase classname="com.org.recipe.controller.RecipeControllerTest" name="testUpdateReturn200" time="0.005"/>
</testsuite> <!-- Default test -->
