<?xml version="1.0" encoding="UTF-8"?>
<testsuite xmlns:xsi="http://www.w3.org/2001/XMLSchema-instance" xsi:noNamespaceSchemaLocation="https://maven.apache.org/surefire/maven-surefire-plugin/xsd/surefire-test-report.xsd" name="TestSuite" time="4.031" tests="5" errors="0" skipped="0" failures="0">
  <properties>
[...]
</properties>
  <testcase name="testCreateReturn201" classname="com.org.recipe.controller.RecipeControllerTest" time="0.095"/>
  <testcase name="testDeleteReturn200" classname="com.org.recipe.controller.RecipeControllerTest" time="0.01"/>
  <testcase name="testFilter" classname="com.org.recipe.controller.RecipeControllerTest" time="0.019"/>
  <testcase name="testGetallRecipesReturn200" classname="com.org.recipe.controller.RecipeControllerTest" time="0.007"/>
  <testcase name="testUpdateReturn200" classname="com.org.recipe.controller.RecipeControllerTest" time="0.003"/>
</testsuite>